[1121/114931.544:ERROR:directory_reader_win.cc(43)] FindFirstFile: The system cannot find the path specified. (0x3)
[1121/123855.295:ERROR:process_info.cc(359)] UncheckedAllocate
[1121/124309.552:ERROR:process_info.cc(359)] UncheckedAllocate
[1121/124314.467:ERROR:process_info.cc(359)] UncheckedAllocate
[1121/124314.970:ERROR:process_info.cc(359)] UncheckedAllocate
[1121/124315.072:ERROR:process_info.cc(359)] UncheckedAllocate
[1121/180508.535:ERROR:file_io.cc(90)] ReadExactly: expected 8288, observed 0
[1121/180508.563:ERROR:crash_report_database_win.cc(474)] failed to read records
[1121/233406.844:ERROR:file_io.cc(90)] ReadExactly: expected 8288, observed 0
[1121/233406.864:ERROR:crash_report_database_win.cc(474)] failed to read records
[1121/234406.894:ERROR:file_io.cc(90)] ReadExactly: expected 8288, observed 0
[1121/234406.894:ERROR:crash_report_database_win.cc(474)] failed to read records
[1121/234407.006:ERROR:filesystem_win.cc(129)] GetFileAttributes C:\Users\DELL\AppData\Local\Google\Chrome\User Data\Crashpad\attachments\c6073450-391e-44f8-a5ab-437d77d530b7: The system cannot find the path specified. (0x3)
[1121/234407.019:ERROR:directory_reader_win.cc(43)] FindFirstFile: The system cannot find the path specified. (0x3)
[1121/234407.019:ERROR:file_io.cc(90)] ReadExactly: expected 8288, observed 0
[1121/234407.019:ERROR:crash_report_database_win.cc(474)] failed to read records
[1121/234407.020:ERROR:file_io.cc(90)] ReadExactly: expected 8288, observed 0
[1121/234407.020:ERROR:crash_report_database_win.cc(474)] failed to read records
[1121/234906.876:ERROR:file_io.cc(90)] ReadExactly: expected 8288, observed 0
[1121/234906.876:ERROR:crash_report_database_win.cc(474)] failed to read records
[1122/000406.885:ERROR:file_io.cc(90)] ReadExactly: expected 8288, observed 0
[1122/000406.885:ERROR:crash_report_database_win.cc(474)] failed to read records
[1122/001906.896:ERROR:file_io.cc(90)] ReadExactly: expected 8288, observed 0
[1122/001906.896:ERROR:crash_report_database_win.cc(474)] failed to read records
[1122/003408.214:ERROR:file_io.cc(90)] ReadExactly: expected 8288, observed 0
[1122/003408.214:ERROR:crash_report_database_win.cc(474)] failed to read records
[1122/004908.219:ERROR:file_io.cc(90)] ReadExactly: expected 8288, observed 0
[1122/004908.219:ERROR:crash_report_database_win.cc(474)] failed to read records
[1122/010408.228:ERROR:file_io.cc(90)] ReadExactly: expected 8288, observed 0
[1122/010408.228:ERROR:crash_report_database_win.cc(474)] failed to read records
[1122/011908.237:ERROR:file_io.cc(90)] ReadExactly: expected 8288, observed 0
[1122/011908.237:ERROR:crash_report_database_win.cc(474)] failed to read records
[1122/013408.250:ERROR:file_io.cc(90)] ReadExactly: expected 8288, observed 0
[1122/013408.250:ERROR:crash_report_database_win.cc(474)] failed to read records
[1122/014908.262:ERROR:file_io.cc(90)] ReadExactly: expected 8288, observed 0
[1122/014908.262:ERROR:crash_report_database_win.cc(474)] failed to read records
[1122/020408.275:ERROR:file_io.cc(90)] ReadExactly: expected 8288, observed 0
[1122/020408.276:ERROR:crash_report_database_win.cc(474)] failed to read records
[1122/021908.291:ERROR:file_io.cc(90)] ReadExactly: expected 8288, observed 0
[1122/021908.291:ERROR:crash_report_database_win.cc(474)] failed to read records
[1122/023408.301:ERROR:file_io.cc(90)] ReadExactly: expected 8288, observed 0
[1122/023408.301:ERROR:crash_report_database_win.cc(474)] failed to read records
[1122/101203.750:ERROR:file_io.cc(90)] ReadExactly: expected 8288, observed 0
[1122/101203.750:ERROR:crash_report_database_win.cc(474)] failed to read records
[1122/104731.843:ERROR:file_io.cc(90)] ReadExactly: expected 8288, observed 0
[1122/104731.843:ERROR:crash_report_database_win.cc(474)] failed to read records
[1122/110231.847:ERROR:file_io.cc(90)] ReadExactly: expected 8288, observed 0
[1122/110231.847:ERROR:crash_report_database_win.cc(474)] failed to read records
[1122/111731.863:ERROR:file_io.cc(90)] ReadExactly: expected 8288, observed 0
[1122/111731.863:ERROR:crash_report_database_win.cc(474)] failed to read records
[1122/112906.790:ERROR:file_io.cc(90)] ReadExactly: expected 8288, observed 0
[1122/112906.790:ERROR:crash_report_database_win.cc(474)] failed to read records
[1126/174040.450:ERROR:directory_reader_win.cc(43)] FindFirstFile: The system cannot find the path specified. (0x3)
[1126/213318.912:ERROR:directory_reader_win.cc(43)] FindFirstFile: The system cannot find the path specified. (0x3)
[1127/112014.753:ERROR:directory_reader_win.cc(43)] FindFirstFile: The system cannot find the path specified. (0x3)
[1201/195311.286:ERROR:directory_reader_win.cc(43)] FindFirstFile: The system cannot find the path specified. (0x3)
[1201/224640.670:ERROR:directory_reader_win.cc(43)] FindFirstFile: The system cannot find the path specified. (0x3)
[1202/083947.318:ERROR:directory_reader_win.cc(43)] FindFirstFile: The system cannot find the path specified. (0x3)
